<?xml version="1.0" encoding="UTF-8"?>
<testsuite name="com.muziho.trade.OrderTest" tests="3" skipped="0" failures="0" errors="0" timestamp="2022-12-05T18:20:01" hostname="NIKE-HP" time="0.003">
  <properties/>
  <testcase name="testCopyOrder" classname="com.muziho.trade.OrderTest" time="0.001"/>
  <testcase name="testCreateOrder" classname="com.muziho.trade.OrderTest" time="0.001"/>
  <testcase name="testCopyOrderAndUpdate" classname="com.muziho.trade.OrderTest" time="0.001"/>
  <system-out><![CDATA[]]></system-out>
  <system-err><![CDATA[]]></system-err>
</testsuite>
